<?xml version="1.0" encoding="UTF-8"?>
<coverage generated="1625554278573" clover="3.2.0">
  <project timestamp="1625554278573" name="All files">
    <metrics statements="10" coveredstatements="8" conditionals="0" coveredconditionals="0" methods="4" coveredmethods="3" elements="14" coveredelements="11" complexity="0" loc="10" ncloc="10" packages="2" files="2" classes="2"/>
    <package name="src">
      <metrics statements="2" coveredstatements="0" conditionals="0" coveredconditionals="0" methods="1" coveredmethods="0"/>
      <file name="App.vue" path="C:\Users\Yuri Araujo\Documents\workspace_vscode\Vue\automated tests\automated-testing\src\App.vue">
        <metrics statements="2" coveredstatements="0" conditionals="0" coveredconditionals="0" methods="1" coveredmethods="0"/>
        <line num="17" count="0" type="stmt"/>
        <line num="23" count="0" type="stmt"/>
      </file>
    </package>
    <package name="src.views">
      <metrics statements="8" coveredstatements="8" conditionals="0" coveredconditionals="0" methods="3" coveredmethods="3"/>
      <file name="Secret.vue" path="C:\Users\Yuri Araujo\Documents\workspace_vscode\Vue\automated tests\automated-testing\src\views\Secret.vue">
        <metrics statements="8" coveredstatements="8" conditionals="0" coveredconditionals="0" methods="3" coveredmethods="3"/>
        <line num="13" count="1" type="stmt"/>
        <line num="14" count="1" type="stmt"/>
        <line num="18" count="2" type="stmt"/>
        <line num="23" count="2" type="stmt"/>
        <line num="27" count="2" type="stmt"/>
        <line num="28" count="2" type="stmt"/>
        <line num="34" count="2" type="stmt"/>
        <line num="38" count="2" type="stmt"/>
      </file>
    </package>
  </project>
</coverage>
