TN:
SF:C:\Users\Yuri Araujo\Documents\workspace_vscode\Vue\automated tests\automated-testing\src\App.vue
FN:22,(anonymous_1)
FNF:1
FNH:0
FNDA:0,(anonymous_1)
DA:17,0
DA:23,0
LF:2
LH:0
BRF:0
BRH:0
end_of_record
TN:
SF:C:\Users\Yuri Araujo\Documents\workspace_vscode\Vue\automated tests\automated-testing\src\views\Secret.vue
FN:17,(anonymous_1)
FN:22,(anonymous_2)
FN:26,(anonymous_3)
FNF:3
FNH:3
FNDA:2,(anonymous_1)
FNDA:2,(anonymous_2)
FNDA:2,(anonymous_3)
DA:13,1
DA:14,1
DA:18,2
DA:23,2
DA:27,2
DA:28,2
DA:34,2
DA:38,2
LF:8
LH:8
BRF:0
BRH:0
end_of_record
